c:\users\hrym1\documents\visual studio 2015\projects\termreport\termreport\release\termreport.pch
c:\users\hrym1\documents\visual studio 2015\projects\termreport\termreport\release\vc140.pdb
c:\users\hrym1\documents\visual studio 2015\projects\termreport\termreport\release\stdafx.obj
c:\users\hrym1\documents\visual studio 2015\projects\termreport\termreport\release\display.obj
c:\users\hrym1\documents\visual studio 2015\projects\termreport\termreport\release\init.obj
c:\users\hrym1\documents\visual studio 2015\projects\termreport\termreport\release\putrelation.obj
c:\users\hrym1\documents\visual studio 2015\projects\termreport\termreport\release\player.obj
c:\users\hrym1\documents\visual studio 2015\projects\termreport\termreport\release\computer.obj
c:\users\hrym1\documents\visual studio 2015\projects\termreport\termreport\release\result.obj
c:\users\hrym1\documents\visual studio 2015\projects\termreport\termreport\release\nextcolor.obj
c:\users\hrym1\documents\visual studio 2015\projects\termreport\termreport\release\termreport.obj
c:\users\hrym1\documents\visual studio 2015\projects\termreport\termreport\release\setting.obj
c:\users\hrym1\documents\visual studio 2015\projects\termreport\release\termreport.exe
c:\users\hrym1\documents\visual studio 2015\projects\termreport\release\termreport.ipdb
c:\users\hrym1\documents\visual studio 2015\projects\termreport\release\termreport.iobj
c:\users\hrym1\documents\visual studio 2015\projects\termreport\release\termreport.pdb
c:\users\hrym1\documents\visual studio 2015\projects\termreport\termreport\release\termreport.tlog\cl.command.1.tlog
c:\users\hrym1\documents\visual studio 2015\projects\termreport\termreport\release\termreport.tlog\cl.read.1.tlog
c:\users\hrym1\documents\visual studio 2015\projects\termreport\termreport\release\termreport.tlog\cl.write.1.tlog
c:\users\hrym1\documents\visual studio 2015\projects\termreport\termreport\release\termreport.tlog\link.command.1.tlog
c:\users\hrym1\documents\visual studio 2015\projects\termreport\termreport\release\termreport.tlog\link.read.1.tlog
c:\users\hrym1\documents\visual studio 2015\projects\termreport\termreport\release\termreport.tlog\link.write.1.tlog
