c:\users\hrym1\documents\visual studio 2015\projects\termreport\termreport\x64\release\termreport.pch
c:\users\hrym1\documents\visual studio 2015\projects\termreport\termreport\x64\release\vc140.pdb
c:\users\hrym1\documents\visual studio 2015\projects\termreport\termreport\x64\release\stdafx.obj
c:\users\hrym1\documents\visual studio 2015\projects\termreport\termreport\x64\release\termreport.obj
c:\users\hrym1\documents\visual studio 2015\projects\termreport\termreport\x64\release\result.obj
c:\users\hrym1\documents\visual studio 2015\projects\termreport\termreport\x64\release\putrelation.obj
c:\users\hrym1\documents\visual studio 2015\projects\termreport\termreport\x64\release\player.obj
c:\users\hrym1\documents\visual studio 2015\projects\termreport\termreport\x64\release\nextcolor.obj
c:\users\hrym1\documents\visual studio 2015\projects\termreport\termreport\x64\release\init.obj
c:\users\hrym1\documents\visual studio 2015\projects\termreport\termreport\x64\release\display.obj
c:\users\hrym1\documents\visual studio 2015\projects\termreport\termreport\x64\release\computer.obj
c:\users\hrym1\onedrive - 同志社大学\３回生\春学期\06. プログラミングc言語ⅱ\第12, 13, 14, 15回(期末)\termreport\termreport\x64\release\termreport.pch
c:\users\hrym1\onedrive - 同志社大学\３回生\春学期\06. プログラミングc言語ⅱ\第12, 13, 14, 15回(期末)\termreport\termreport\x64\release\vc140.pdb
c:\users\hrym1\onedrive - 同志社大学\３回生\春学期\06. プログラミングc言語ⅱ\第12, 13, 14, 15回(期末)\termreport\termreport\x64\release\stdafx.obj
c:\users\hrym1\onedrive - 同志社大学\３回生\春学期\06. プログラミングc言語ⅱ\第12, 13, 14, 15回(期末)\termreport\termreport\x64\release\init.obj
c:\users\hrym1\onedrive - 同志社大学\３回生\春学期\06. プログラミングc言語ⅱ\第12, 13, 14, 15回(期末)\termreport\termreport\x64\release\termreport.obj
c:\users\hrym1\onedrive - 同志社大学\３回生\春学期\06. プログラミングc言語ⅱ\第12, 13, 14, 15回(期末)\termreport\termreport\x64\release\result.obj
c:\users\hrym1\onedrive - 同志社大学\３回生\春学期\06. プログラミングc言語ⅱ\第12, 13, 14, 15回(期末)\termreport\termreport\x64\release\putrelation.obj
c:\users\hrym1\onedrive - 同志社大学\３回生\春学期\06. プログラミングc言語ⅱ\第12, 13, 14, 15回(期末)\termreport\termreport\x64\release\player.obj
c:\users\hrym1\onedrive - 同志社大学\３回生\春学期\06. プログラミングc言語ⅱ\第12, 13, 14, 15回(期末)\termreport\termreport\x64\release\nextcolor.obj
c:\users\hrym1\onedrive - 同志社大学\３回生\春学期\06. プログラミングc言語ⅱ\第12, 13, 14, 15回(期末)\termreport\termreport\x64\release\display.obj
c:\users\hrym1\onedrive - 同志社大学\３回生\春学期\06. プログラミングc言語ⅱ\第12, 13, 14, 15回(期末)\termreport\termreport\x64\release\computer.obj
c:\users\hrym1\documents\visual studio 2015\projects\termreport\x64\release\termreport.exe
c:\users\hrym1\documents\visual studio 2015\projects\termreport\x64\release\termreport.ipdb
c:\users\hrym1\documents\visual studio 2015\projects\termreport\x64\release\termreport.iobj
c:\users\hrym1\documents\visual studio 2015\projects\termreport\x64\release\termreport.pdb
c:\users\hrym1\onedrive - 同志社大学\３回生\春学期\06. プログラミングc言語ⅱ\第12, 13, 14, 15回(期末)\termreport\x64\release\termreport.pdb
c:\users\hrym1\onedrive - 同志社大学\３回生\春学期\06. プログラミングc言語ⅱ\第12, 13, 14, 15回(期末)\termreport\termreport\x64\release\termreport.tlog\cl.command.1.tlog
c:\users\hrym1\onedrive - 同志社大学\３回生\春学期\06. プログラミングc言語ⅱ\第12, 13, 14, 15回(期末)\termreport\termreport\x64\release\termreport.tlog\cl.read.1.tlog
c:\users\hrym1\onedrive - 同志社大学\３回生\春学期\06. プログラミングc言語ⅱ\第12, 13, 14, 15回(期末)\termreport\termreport\x64\release\termreport.tlog\cl.write.1.tlog
c:\users\hrym1\onedrive - 同志社大学\３回生\春学期\06. プログラミングc言語ⅱ\第12, 13, 14, 15回(期末)\termreport\termreport\x64\release\termreport.tlog\link.command.1.tlog
c:\users\hrym1\onedrive - 同志社大学\３回生\春学期\06. プログラミングc言語ⅱ\第12, 13, 14, 15回(期末)\termreport\termreport\x64\release\termreport.tlog\link.read.1.tlog
c:\users\hrym1\onedrive - 同志社大学\３回生\春学期\06. プログラミングc言語ⅱ\第12, 13, 14, 15回(期末)\termreport\termreport\x64\release\termreport.tlog\link.write.1.tlog
